[15-Mar-2012 16:08:45] PHP Fatal error:  Call to undefined function phpinf() in /home/nanjifeng/www/test.php on line 1
[23-Mar-2012 10:33:24] PHP Fatal error:  Unsupported operand types in /home/nanjifeng/www/login.php on line 5
[23-Mar-2012 10:37:08] PHP Fatal error:  Unsupported operand types in /home/nanjifeng/www/bookmark.php on line 12
[23-Mar-2012 10:37:09] PHP Fatal error:  Unsupported operand types in /home/nanjifeng/www/viewfilelist.php on line 13
[23-Mar-2012 10:37:09] PHP Fatal error:  Unsupported operand types in /home/nanjifeng/www/viewpeerlist.php on line 12
[23-Mar-2012 15:55:57] PHP Fatal error:  Unsupported operand types in /home/nanjifeng/www/login.php on line 5
[23-Mar-2012 15:56:15] PHP Fatal error:  Unsupported operand types in /home/nanjifeng/www/recover.php on line 7
[23-Mar-2012 15:56:17] PHP Fatal error:  Unsupported operand types in /home/nanjifeng/www/confirm_resend.php on line 6
[26-Mar-2012 09:32:34] PHP Fatal error:  Unsupported operand types in /home/nanjifeng/www/login.php on line 5
[26-Mar-2012 09:32:34] PHP Fatal error:  Unsupported operand types in /home/nanjifeng/www/recover.php on line 7
[26-Mar-2012 09:32:34] PHP Fatal error:  Unsupported operand types in /home/nanjifeng/www/confirm_resend.php on line 6
[26-Mar-2012 09:36:17] PHP Fatal error:  Unsupported operand types in /home/nanjifeng/www/login.php on line 5
[26-Mar-2012 09:36:35] PHP Fatal error:  Unsupported operand types in /home/nanjifeng/www/recover.php on line 7
[26-Mar-2012 09:36:38] PHP Fatal error:  Unsupported operand types in /home/nanjifeng/www/confirm_resend.php on line 6
[22-May-2012 08:30:17] PHP Fatal error:  Uncaught <table border="1" cellspacing="0">
<tr><td colspan="3" bgcolor="#ff9999"> <b>HTTP_Request2_MessageException</b>: Malformed response:  in <b>/usr/share/php/HTTP/Request2/Adapter/Socket.php</b> on line <b>930</b></td></tr>
<tr><td colspan="3" bgcolor="#aaaaaa" align="center"><b>Exception trace</b></td></tr>
<tr><td align="center" bgcolor="#cccccc" width="20"><b>#</b></td><td align="center" bgcolor="#cccccc"><b>Function</b></td><td align="center" bgcolor="#cccccc"><b>Location</b></td></tr>
<tr><td align="center">0</td><td>HTTP_Request2_Response->__construct('', true, Object(Net_URL2))</td><td>/usr/share/php/HTTP/Request2/Adapter/Socket.php:930</td></tr>
<tr><td align="center">1</td><td>HTTP_Request2_Adapter_Socket->readResponse()</td><td>/usr/share/php/HTTP/Request2/Adapter/Socket.php:171</td></tr>
<tr><td align="center">2</td><td>HTTP_Request2_Adapter_Socket->sendRequest(Object(IMDB_Request))</td><td>/usr/share/php/HTTP/Request2.php:923</td></tr>
<tr><td align="center">3</td><td>HTTP_Request2->send()</ in /usr/share/php/HTTP/Request2/Response.php on line 235
[13-Jun-2012 12:19:32] PHP Fatal error:  Uncaught <table border="1" cellspacing="0">
<tr><td colspan="3" bgcolor="#ff9999"> <b>HTTP_Request2_MessageException</b>: Malformed response:  in <b>/usr/share/php/HTTP/Request2/Adapter/Socket.php</b> on line <b>930</b></td></tr>
<tr><td colspan="3" bgcolor="#aaaaaa" align="center"><b>Exception trace</b></td></tr>
<tr><td align="center" bgcolor="#cccccc" width="20"><b>#</b></td><td align="center" bgcolor="#cccccc"><b>Function</b></td><td align="center" bgcolor="#cccccc"><b>Location</b></td></tr>
<tr><td align="center">0</td><td>HTTP_Request2_Response->__construct('', true, Object(Net_URL2))</td><td>/usr/share/php/HTTP/Request2/Adapter/Socket.php:930</td></tr>
<tr><td align="center">1</td><td>HTTP_Request2_Adapter_Socket->readResponse()</td><td>/usr/share/php/HTTP/Request2/Adapter/Socket.php:171</td></tr>
<tr><td align="center">2</td><td>HTTP_Request2_Adapter_Socket->sendRequest(Object(IMDB_Request))</td><td>/usr/share/php/HTTP/Request2.php:923</td></tr>
<tr><td align="center">3</td><td>HTTP_Request2->send()</ in /usr/share/php/HTTP/Request2/Response.php on line 235
[20-Jun-2012 16:14:14] PHP Fatal error:  Uncaught <table border="1" cellspacing="0">
<tr><td colspan="3" bgcolor="#ff9999"> <b>HTTP_Request2_MessageException</b>: Malformed response:  in <b>/usr/share/php/HTTP/Request2/Adapter/Socket.php</b> on line <b>930</b></td></tr>
<tr><td colspan="3" bgcolor="#aaaaaa" align="center"><b>Exception trace</b></td></tr>
<tr><td align="center" bgcolor="#cccccc" width="20"><b>#</b></td><td align="center" bgcolor="#cccccc"><b>Function</b></td><td align="center" bgcolor="#cccccc"><b>Location</b></td></tr>
<tr><td align="center">0</td><td>HTTP_Request2_Response->__construct('', true, Object(Net_URL2))</td><td>/usr/share/php/HTTP/Request2/Adapter/Socket.php:930</td></tr>
<tr><td align="center">1</td><td>HTTP_Request2_Adapter_Socket->readResponse()</td><td>/usr/share/php/HTTP/Request2/Adapter/Socket.php:171</td></tr>
<tr><td align="center">2</td><td>HTTP_Request2_Adapter_Socket->sendRequest(Object(IMDB_Request))</td><td>/usr/share/php/HTTP/Request2.php:923</td></tr>
<tr><td align="center">3</td><td>HTTP_Request2->send()</ in /usr/share/php/HTTP/Request2/Response.php on line 235
[20-Jun-2012 16:19:32] PHP Fatal error:  Uncaught <table border="1" cellspacing="0">
<tr><td colspan="3" bgcolor="#ff9999"> <b>HTTP_Request2_MessageException</b>: Malformed response:  in <b>/usr/share/php/HTTP/Request2/Adapter/Socket.php</b> on line <b>930</b></td></tr>
<tr><td colspan="3" bgcolor="#aaaaaa" align="center"><b>Exception trace</b></td></tr>
<tr><td align="center" bgcolor="#cccccc" width="20"><b>#</b></td><td align="center" bgcolor="#cccccc"><b>Function</b></td><td align="center" bgcolor="#cccccc"><b>Location</b></td></tr>
<tr><td align="center">0</td><td>HTTP_Request2_Response->__construct('', true, Object(Net_URL2))</td><td>/usr/share/php/HTTP/Request2/Adapter/Socket.php:930</td></tr>
<tr><td align="center">1</td><td>HTTP_Request2_Adapter_Socket->readResponse()</td><td>/usr/share/php/HTTP/Request2/Adapter/Socket.php:171</td></tr>
<tr><td align="center">2</td><td>HTTP_Request2_Adapter_Socket->sendRequest(Object(IMDB_Request))</td><td>/usr/share/php/HTTP/Request2.php:923</td></tr>
<tr><td align="center">3</td><td>HTTP_Request2->send()</ in /usr/share/php/HTTP/Request2/Response.php on line 235
[20-Jun-2012 16:19:34] PHP Fatal error:  Uncaught <table border="1" cellspacing="0">
<tr><td colspan="3" bgcolor="#ff9999"> <b>HTTP_Request2_MessageException</b>: Malformed response:  in <b>/usr/share/php/HTTP/Request2/Adapter/Socket.php</b> on line <b>930</b></td></tr>
<tr><td colspan="3" bgcolor="#aaaaaa" align="center"><b>Exception trace</b></td></tr>
<tr><td align="center" bgcolor="#cccccc" width="20"><b>#</b></td><td align="center" bgcolor="#cccccc"><b>Function</b></td><td align="center" bgcolor="#cccccc"><b>Location</b></td></tr>
<tr><td align="center">0</td><td>HTTP_Request2_Response->__construct('', true, Object(Net_URL2))</td><td>/usr/share/php/HTTP/Request2/Adapter/Socket.php:930</td></tr>
<tr><td align="center">1</td><td>HTTP_Request2_Adapter_Socket->readResponse()</td><td>/usr/share/php/HTTP/Request2/Adapter/Socket.php:171</td></tr>
<tr><td align="center">2</td><td>HTTP_Request2_Adapter_Socket->sendRequest(Object(IMDB_Request))</td><td>/usr/share/php/HTTP/Request2.php:923</td></tr>
<tr><td align="center">3</td><td>HTTP_Request2->send()</ in /usr/share/php/HTTP/Request2/Response.php on line 235
[21-Sep-2012 12:36:13] PHP Fatal error:  Allowed memory size of 134217728 bytes exhausted (tried to allocate 3029095 bytes) in /home/nanjifeng/www/include/functions.php on line 283
[28-Nov-2012 09:50:54] PHP Fatal error:  Uncaught <table border="1" cellspacing="0">
<tr><td colspan="3" bgcolor="#ff9999"> <b>HTTP_Request2_MessageException</b>: Malformed response:  in <b>/usr/share/php/HTTP/Request2/Adapter/Socket.php</b> on line <b>930</b></td></tr>
<tr><td colspan="3" bgcolor="#aaaaaa" align="center"><b>Exception trace</b></td></tr>
<tr><td align="center" bgcolor="#cccccc" width="20"><b>#</b></td><td align="center" bgcolor="#cccccc"><b>Function</b></td><td align="center" bgcolor="#cccccc"><b>Location</b></td></tr>
<tr><td align="center">0</td><td>HTTP_Request2_Response->__construct('', true, Object(Net_URL2))</td><td>/usr/share/php/HTTP/Request2/Adapter/Socket.php:930</td></tr>
<tr><td align="center">1</td><td>HTTP_Request2_Adapter_Socket->readResponse()</td><td>/usr/share/php/HTTP/Request2/Adapter/Socket.php:171</td></tr>
<tr><td align="center">2</td><td>HTTP_Request2_Adapter_Socket->sendRequest(Object(IMDB_Request))</td><td>/usr/share/php/HTTP/Request2.php:923</td></tr>
<tr><td align="center">3</td><td>HTTP_Request2->send()</ in /usr/share/php/HTTP/Request2/Response.php on line 235
[28-Nov-2012 09:50:56] PHP Fatal error:  Uncaught <table border="1" cellspacing="0">
<tr><td colspan="3" bgcolor="#ff9999"> <b>HTTP_Request2_MessageException</b>: Malformed response:  in <b>/usr/share/php/HTTP/Request2/Adapter/Socket.php</b> on line <b>930</b></td></tr>
<tr><td colspan="3" bgcolor="#aaaaaa" align="center"><b>Exception trace</b></td></tr>
<tr><td align="center" bgcolor="#cccccc" width="20"><b>#</b></td><td align="center" bgcolor="#cccccc"><b>Function</b></td><td align="center" bgcolor="#cccccc"><b>Location</b></td></tr>
<tr><td align="center">0</td><td>HTTP_Request2_Response->__construct('', true, Object(Net_URL2))</td><td>/usr/share/php/HTTP/Request2/Adapter/Socket.php:930</td></tr>
<tr><td align="center">1</td><td>HTTP_Request2_Adapter_Socket->readResponse()</td><td>/usr/share/php/HTTP/Request2/Adapter/Socket.php:171</td></tr>
<tr><td align="center">2</td><td>HTTP_Request2_Adapter_Socket->sendRequest(Object(IMDB_Request))</td><td>/usr/share/php/HTTP/Request2.php:923</td></tr>
<tr><td align="center">3</td><td>HTTP_Request2->send()</ in /usr/share/php/HTTP/Request2/Response.php on line 235
[01-Dec-2012 08:27:02] PHP Fatal error:  Uncaught <table border="1" cellspacing="0">
<tr><td colspan="3" bgcolor="#ff9999"> <b>HTTP_Request2_MessageException</b>: Malformed response:  in <b>/usr/share/php/HTTP/Request2/Adapter/Socket.php</b> on line <b>930</b></td></tr>
<tr><td colspan="3" bgcolor="#aaaaaa" align="center"><b>Exception trace</b></td></tr>
<tr><td align="center" bgcolor="#cccccc" width="20"><b>#</b></td><td align="center" bgcolor="#cccccc"><b>Function</b></td><td align="center" bgcolor="#cccccc"><b>Location</b></td></tr>
<tr><td align="center">0</td><td>HTTP_Request2_Response->__construct('', true, Object(Net_URL2))</td><td>/usr/share/php/HTTP/Request2/Adapter/Socket.php:930</td></tr>
<tr><td align="center">1</td><td>HTTP_Request2_Adapter_Socket->readResponse()</td><td>/usr/share/php/HTTP/Request2/Adapter/Socket.php:171</td></tr>
<tr><td align="center">2</td><td>HTTP_Request2_Adapter_Socket->sendRequest(Object(IMDB_Request))</td><td>/usr/share/php/HTTP/Request2.php:923</td></tr>
<tr><td align="center">3</td><td>HTTP_Request2->send()</ in /usr/share/php/HTTP/Request2/Response.php on line 235
[01-Dec-2012 08:27:08] PHP Fatal error:  Uncaught <table border="1" cellspacing="0">
<tr><td colspan="3" bgcolor="#ff9999"> <b>HTTP_Request2_MessageException</b>: Malformed response:  in <b>/usr/share/php/HTTP/Request2/Adapter/Socket.php</b> on line <b>930</b></td></tr>
<tr><td colspan="3" bgcolor="#aaaaaa" align="center"><b>Exception trace</b></td></tr>
<tr><td align="center" bgcolor="#cccccc" width="20"><b>#</b></td><td align="center" bgcolor="#cccccc"><b>Function</b></td><td align="center" bgcolor="#cccccc"><b>Location</b></td></tr>
<tr><td align="center">0</td><td>HTTP_Request2_Response->__construct('', true, Object(Net_URL2))</td><td>/usr/share/php/HTTP/Request2/Adapter/Socket.php:930</td></tr>
<tr><td align="center">1</td><td>HTTP_Request2_Adapter_Socket->readResponse()</td><td>/usr/share/php/HTTP/Request2/Adapter/Socket.php:171</td></tr>
<tr><td align="center">2</td><td>HTTP_Request2_Adapter_Socket->sendRequest(Object(IMDB_Request))</td><td>/usr/share/php/HTTP/Request2.php:923</td></tr>
<tr><td align="center">3</td><td>HTTP_Request2->send()</ in /usr/share/php/HTTP/Request2/Response.php on line 235
[04-Dec-2012 17:36:49] PHP Fatal error:  Maximum execution time of 60 seconds exceeded in /home/nanjifeng/www/include/benc.php on line 93
[04-Dec-2012 17:37:59] PHP Fatal error:  Maximum execution time of 60 seconds exceeded in /home/nanjifeng/www/include/benc.php on line 93
[04-Dec-2012 17:43:20] PHP Fatal error:  Maximum execution time of 60 seconds exceeded in /home/nanjifeng/www/include/benc.php on line 115
[04-Dec-2012 17:47:43] PHP Fatal error:  Maximum execution time of 60 seconds exceeded in /home/nanjifeng/www/include/benc.php on line 123
[05-Dec-2012 13:28:19] PHP Fatal error:  Maximum execution time of 60 seconds exceeded in /home/nanjifeng/www/include/benc.php on line 93
[05-Dec-2012 13:31:29] PHP Fatal error:  Maximum execution time of 60 seconds exceeded in /home/nanjifeng/www/include/benc.php on line 123
[08-Dec-2012 19:15:17] PHP Fatal error:  Uncaught <table border="1" cellspacing="0">
<tr><td colspan="3" bgcolor="#ff9999"> <b>HTTP_Request2_MessageException</b>: Malformed response:  in <b>/usr/share/php/HTTP/Request2/Adapter/Socket.php</b> on line <b>930</b></td></tr>
<tr><td colspan="3" bgcolor="#aaaaaa" align="center"><b>Exception trace</b></td></tr>
<tr><td align="center" bgcolor="#cccccc" width="20"><b>#</b></td><td align="center" bgcolor="#cccccc"><b>Function</b></td><td align="center" bgcolor="#cccccc"><b>Location</b></td></tr>
<tr><td align="center">0</td><td>HTTP_Request2_Response->__construct('', true, Object(Net_URL2))</td><td>/usr/share/php/HTTP/Request2/Adapter/Socket.php:930</td></tr>
<tr><td align="center">1</td><td>HTTP_Request2_Adapter_Socket->readResponse()</td><td>/usr/share/php/HTTP/Request2/Adapter/Socket.php:171</td></tr>
<tr><td align="center">2</td><td>HTTP_Request2_Adapter_Socket->sendRequest(Object(IMDB_Request))</td><td>/usr/share/php/HTTP/Request2.php:923</td></tr>
<tr><td align="center">3</td><td>HTTP_Request2->send()</ in /usr/share/php/HTTP/Request2/Response.php on line 235
[26-Dec-2012 13:28:03] PHP Fatal error:  Maximum execution time of 60 seconds exceeded in /home/nanjifeng/www/include/benc.php on line 115
[26-Dec-2012 13:28:49] PHP Fatal error:  Maximum execution time of 60 seconds exceeded in /home/nanjifeng/www/include/benc.php on line 61
[26-Dec-2012 13:30:21] PHP Fatal error:  Maximum execution time of 60 seconds exceeded in /home/nanjifeng/www/include/benc.php on line 123
[26-Dec-2012 13:36:35] PHP Fatal error:  Maximum execution time of 60 seconds exceeded in /home/nanjifeng/www/include/benc.php on line 70
[26-Dec-2012 13:43:49] PHP Fatal error:  Maximum execution time of 60 seconds exceeded in /home/nanjifeng/www/include/benc.php on line 93
[26-Dec-2012 13:46:57] PHP Fatal error:  Maximum execution time of 60 seconds exceeded in /home/nanjifeng/www/include/benc.php on line 115
[26-Dec-2012 13:48:43] PHP Fatal error:  Maximum execution time of 60 seconds exceeded in /home/nanjifeng/www/include/benc.php on line 123
[26-Dec-2012 13:51:08] PHP Fatal error:  Maximum execution time of 60 seconds exceeded in /home/nanjifeng/www/include/benc.php on line 93
[26-Dec-2012 13:54:34] PHP Fatal error:  Maximum execution time of 60 seconds exceeded in /home/nanjifeng/www/include/benc.php on line 115
[26-Dec-2012 14:20:46] PHP Fatal error:  Maximum execution time of 60 seconds exceeded in /home/nanjifeng/www/include/benc.php on line 93
[26-Dec-2012 14:39:01] PHP Fatal error:  Maximum execution time of 60 seconds exceeded in /home/nanjifeng/www/include/benc.php on line 123
[26-Dec-2012 14:43:05] PHP Fatal error:  Maximum execution time of 60 seconds exceeded in /home/nanjifeng/www/include/benc.php on line 93
[26-Dec-2012 14:53:16] PHP Fatal error:  Maximum execution time of 60 seconds exceeded in /home/nanjifeng/www/include/benc.php on line 93
[26-Dec-2012 15:03:28] PHP Fatal error:  Maximum execution time of 60 seconds exceeded in /home/nanjifeng/www/include/benc.php on line 115
[26-Dec-2012 15:08:47] PHP Fatal error:  Maximum execution time of 60 seconds exceeded in /home/nanjifeng/www/include/benc.php on line 123
[26-Dec-2012 15:30:07] PHP Fatal error:  Maximum execution time of 60 seconds exceeded in /home/nanjifeng/www/include/benc.php on line 101
[26-Dec-2012 15:31:31] PHP Fatal error:  Maximum execution time of 60 seconds exceeded in /home/nanjifeng/www/include/benc.php on line 123
[26-Dec-2012 15:31:41] PHP Fatal error:  Maximum execution time of 60 seconds exceeded in /home/nanjifeng/www/include/benc.php on line 54
[26-Dec-2012 15:51:05] PHP Fatal error:  Maximum execution time of 60 seconds exceeded in /home/nanjifeng/www/include/benc.php on line 123
[26-Dec-2012 16:00:54] PHP Fatal error:  Maximum execution time of 60 seconds exceeded in /home/nanjifeng/www/include/benc.php on line 93
[12-Jan-2013 19:12:58] PHP Fatal error:  Uncaught <table border="1" cellspacing="0">
<tr><td colspan="3" bgcolor="#ff9999"> <b>HTTP_Request2_MessageException</b>: Malformed response:  in <b>/usr/share/php/HTTP/Request2/Adapter/Socket.php</b> on line <b>930</b></td></tr>
<tr><td colspan="3" bgcolor="#aaaaaa" align="center"><b>Exception trace</b></td></tr>
<tr><td align="center" bgcolor="#cccccc" width="20"><b>#</b></td><td align="center" bgcolor="#cccccc"><b>Function</b></td><td align="center" bgcolor="#cccccc"><b>Location</b></td></tr>
<tr><td align="center">0</td><td>HTTP_Request2_Response->__construct('', true, Object(Net_URL2))</td><td>/usr/share/php/HTTP/Request2/Adapter/Socket.php:930</td></tr>
<tr><td align="center">1</td><td>HTTP_Request2_Adapter_Socket->readResponse()</td><td>/usr/share/php/HTTP/Request2/Adapter/Socket.php:171</td></tr>
<tr><td align="center">2</td><td>HTTP_Request2_Adapter_Socket->sendRequest(Object(IMDB_Request))</td><td>/usr/share/php/HTTP/Request2.php:923</td></tr>
<tr><td align="center">3</td><td>HTTP_Request2->send()</ in /usr/share/php/HTTP/Request2/Response.php on line 235
[15-May-2013 08:18:59] PHP Fatal error:  Uncaught <table border="1" cellspacing="0">
<tr><td colspan="3" bgcolor="#ff9999"> <b>HTTP_Request2_MessageException</b>: Request timed out due to default_socket_timeout php.ini setting in <b>/usr/share/php/HTTP/Request2/Adapter/Socket.php</b> on line <b>1075</b></td></tr>
<tr><td colspan="3" bgcolor="#aaaaaa" align="center"><b>Exception trace</b></td></tr>
<tr><td align="center" bgcolor="#cccccc" width="20"><b>#</b></td><td align="center" bgcolor="#cccccc"><b>Function</b></td><td align="center" bgcolor="#cccccc"><b>Location</b></td></tr>
<tr><td align="center">0</td><td>HTTP_Request2_Adapter_Socket->fread(512)</td><td>/usr/share/php/HTTP/Request2/Adapter/Socket.php:1075</td></tr>
<tr><td align="center">1</td><td>HTTP_Request2_Adapter_Socket->readChunked(16384)</td><td>/usr/share/php/HTTP/Request2/Adapter/Socket.php:961</td></tr>
<tr><td align="center">2</td><td>HTTP_Request2_Adapter_Socket->readResponse()</td><td>/usr/share/php/HTTP/Request2/Adapter/Socket.php:171</td></tr>
<tr><td align="center">3</td><td>H in /usr/share/php/HTTP/Request2/Adapter/Socket.php on line 1042
